3/7/2018 2:51:57 PM	This log contains information about the import schema operation into project 'SqlServerPortal' on computer 'ISAGANI-PC' by user 'mvcanalita'.
3/7/2018 2:51:57 PM	Import of database schema has started.
3/7/2018 2:52:01 PM	Gathering database options
3/7/2018 2:52:01 PM	Gathering users
3/7/2018 2:52:01 PM	Gathering roles
3/7/2018 2:52:01 PM	Gathering application roles
3/7/2018 2:52:01 PM	Gathering role memberships
3/7/2018 2:52:01 PM	Gathering filegroups
3/7/2018 2:52:01 PM	Gathering full-text catalogs
3/7/2018 2:52:01 PM	Gathering assemblies
3/7/2018 2:52:01 PM	Gathering certificates
3/7/2018 2:52:01 PM	Gathering asymmetric keys
3/7/2018 2:52:01 PM	Gathering symmetric keys
3/7/2018 2:52:01 PM	Gathering encrypted symmetric keys
3/7/2018 2:52:01 PM	Gathering schemas
3/7/2018 2:52:01 PM	Gathering XML schema collections
3/7/2018 2:52:01 PM	Gathering user-defined data types
3/7/2018 2:52:01 PM	Gathering user-defined types
3/7/2018 2:52:01 PM	Gathering table types
3/7/2018 2:52:01 PM	Gathering unique keys for table types
3/7/2018 2:52:01 PM	Gathering primary keys for table types
3/7/2018 2:52:01 PM	Gathering indexes for table types
3/7/2018 2:52:01 PM	Gathering check constraints for table types
3/7/2018 2:52:01 PM	Gathering default constraints for table types
3/7/2018 2:52:01 PM	Gathering partition functions
3/7/2018 2:52:01 PM	Gathering partition schemes
3/7/2018 2:52:01 PM	Gathering functions
3/7/2018 2:52:01 PM	Gathering encrypted functions
3/7/2018 2:52:01 PM	Gathering aggregates
3/7/2018 2:52:01 PM	Gathering procedures
3/7/2018 2:52:01 PM	Gathering encrypted procedures
3/7/2018 2:52:01 PM	Gathering tables
3/7/2018 2:52:01 PM	Gathering primary keys
3/7/2018 2:52:01 PM	Gathering unique constraints
3/7/2018 2:52:02 PM	Gathering foreign keys
3/7/2018 2:52:02 PM	Gathering default constraints
3/7/2018 2:52:02 PM	Gathering check constraints
3/7/2018 2:52:02 PM	Gathering views
3/7/2018 2:52:02 PM	Gathering encrypted views
3/7/2018 2:52:02 PM	Gathering indexes
3/7/2018 2:52:02 PM	Gathering statistics
3/7/2018 2:52:02 PM	Gathering full-text index stoplists
3/7/2018 2:52:02 PM	Gathering search property lists
3/7/2018 2:52:02 PM	Gathering search properties
3/7/2018 2:52:02 PM	Gathering full-text indexes
3/7/2018 2:52:02 PM	Gathering column store indexes
3/7/2018 2:52:02 PM	Gathering spatial indexes
3/7/2018 2:52:02 PM	Gathering XML indexes
3/7/2018 2:52:02 PM	Gathering Selective XML indexes
3/7/2018 2:52:02 PM	Gathering encrypted triggers
3/7/2018 2:52:02 PM	Gathering triggers
3/7/2018 2:52:02 PM	Gathering encrypted and clr ddl triggers
3/7/2018 2:52:02 PM	Gathering ddl triggers
3/7/2018 2:52:02 PM	Gathering synonyms
3/7/2018 2:52:02 PM	Gathering defaults
3/7/2018 2:52:02 PM	Gathering data constraint uddt bindings
3/7/2018 2:52:02 PM	Gathering rules
3/7/2018 2:52:02 PM	Gathering data constraint uddt bindings
3/7/2018 2:52:02 PM	Gathering message types
3/7/2018 2:52:02 PM	Gathering queues
3/7/2018 2:52:02 PM	Gathering contracts
3/7/2018 2:52:02 PM	Gathering services
3/7/2018 2:52:02 PM	Gathering event notifications
3/7/2018 2:52:02 PM	Gathering remote service bindings
3/7/2018 2:52:02 PM	Gathering broker priorities
3/7/2018 2:52:02 PM	Gathering signatures
3/7/2018 2:52:02 PM	Gathering data compression options
3/7/2018 2:52:02 PM	Gathering sequence types
3/7/2018 2:52:02 PM	Gathering extended properties
3/7/2018 2:52:02 PM	Gathering credentials
3/7/2018 2:52:02 PM	Gathering logins
3/7/2018 2:52:02 PM	Gathering server audits
3/7/2018 2:52:02 PM	Finished importing database.
3/7/2018 2:52:02 PM	A summary of the import was saved to the following location: D:\devEnv\SQL Server portal\SqlServerPortal\SqlServerPortal\Import Schema Logs\SqlServerPortal_20180307065157.log
3/7/2018 2:52:02 PM	Click Finish to continue...
